/home2/saketh.vemula/ltg_venv/lib/python3.10/site-packages/transformers/tokenization_utils_base.py:1601: FutureWarning: `clean_up_tokenization_spaces` was not set. It will be set to `True` by default. This behavior will be depracted in transformers v4.45, and will be then set to `False` by default. For more details check this issue: https://github.com/huggingface/transformers/issues/31884
  warnings.warn(
loading dataset from csv files
loading dataset, dataloader completed
Freezing all the parameters initially
Starting Prompt Tuning
Initializing soft prompt with text: SUMMARIZE
Tokenized into: ['S', 'UM', 'MAR', 'IZE']
Number of tokens: 4
Initial embeddings shape: torch.Size([4, 768])
Padding with 16 random embeddings
Final soft prompt shape: torch.Size([20, 768])
Training:   0%|                         | 2/718 [00:01<06:07,  1.95it/s, loss=11.4, avg_loss=11.6, plateau_counter=0]

















































































































































Training:  99%|██████████████████████▋| 710/718 [04:52<00:03,  2.40it/s, loss=5.96, avg_loss=9.41, plateau_counter=9]
Early stopping within epoch at batch 710
Training:  99%|██████████████████████▋| 710/718 [04:52<00:03,  2.43it/s, loss=5.96, avg_loss=9.41, plateau_counter=9]


Validation: 100%|██████████████████████████████████████████████████████████████████| 134/134 [00:05<00:00, 23.67it/s]
Train_Loss: 9.4014
Validation_Loss: 6.3146
Saved current best checkpoint
------------------------------------------------------------------------------------------
Epoch: 2/10

















































































































































Training:  99%|██████████████████████▋| 710/718 [04:53<00:03,  2.42it/s, loss=1.64, avg_loss=3.48, plateau_counter=9]
Validation:   0%|                                                                            | 0/134 [00:00<?, ?it/s]
Early stopping within epoch at batch 710


Validation:  72%|████████████████████████████████████████████████                   | 96/134 [00:04<00:01, 23.55it/s]
Train_Loss: 3.4802

Validation: 100%|██████████████████████████████████████████████████████████████████| 134/134 [00:05<00:00, 23.67it/s]
Saved current best checkpoint
------------------------------------------------------------------------------------------
Epoch: 3/10

















































































































































Training:  99%|█████████████████████▊| 710/718 [04:54<00:03,  2.41it/s, loss=0.748, avg_loss=1.07, plateau_counter=9]
Validation:   7%|████▌                                                               | 9/134 [00:00<00:05, 23.54it/s]
Early stopping within epoch at batch 710



Validation: 100%|██████████████████████████████████████████████████████████████████| 134/134 [00:05<00:00, 23.74it/s]
Train_Loss: 1.0650
Validation_Loss: 0.8510
Training:   0%|                       | 1/718 [00:00<02:35,  4.60it/s, loss=0.954, avg_loss=0.954, plateau_counter=0]
Saved current best checkpoint
------------------------------------------------------------------------------------------


















































































































































Training:  99%|████████████████████▊| 710/718 [04:54<00:03,  2.41it/s, loss=0.678, avg_loss=0.743, plateau_counter=9]
Validation:   2%|█▌                                                                  | 3/134 [00:00<00:05, 23.60it/s]
Early stopping within epoch at batch 710



Validation: 100%|██████████████████████████████████████████████████████████████████| 134/134 [00:05<00:00, 23.66it/s]
Train_Loss: 0.7435
Validation_Loss: 0.7647
Saved current best checkpoint
------------------------------------------------------------------------------------------
Epoch: 5/10

















































































































































Training:  99%|██████████████████████▋| 710/718 [04:54<00:03,  2.41it/s, loss=0.52, avg_loss=0.69, plateau_counter=9]
Validation:   7%|████▌                                                               | 9/134 [00:00<00:05, 23.64it/s]
Early stopping within epoch at batch 710



Validation: 100%|██████████████████████████████████████████████████████████████████| 134/134 [00:05<00:00, 23.62it/s]
Train_Loss: 0.6900
Validation_Loss: 0.6994
Training:   0%|                                                                              | 0/718 [00:00<?, ?it/s]
Saved current best checkpoint
------------------------------------------------------------------------------------------


















































































































































Training:  99%|█████████████████████▊| 710/718 [04:54<00:03,  2.41it/s, loss=0.52, avg_loss=0.668, plateau_counter=9]
Validation:   4%|███                                                                 | 6/134 [00:00<00:05, 23.05it/s]
Early stopping within epoch at batch 710



Validation: 100%|██████████████████████████████████████████████████████████████████| 134/134 [00:05<00:00, 23.68it/s]
Train_Loss: 0.6676
Validation_Loss: 0.6739
Training:   0%|                                                                              | 0/718 [00:00<?, ?it/s]
Saved current best checkpoint
------------------------------------------------------------------------------------------








































































































































Training:  98%|████████████████████▋| 706/718 [04:52<00:04,  2.42it/s, loss=0.871, avg_loss=0.653, plateau_counter=5]
Early stopping within epoch at batch 710
Training:  99%|████████████████████▊| 710/718 [04:54<00:03,  2.41it/s, loss=0.973, avg_loss=0.654, plateau_counter=9]


Validation:  78%|███████████████████████████████████████████████████▋              | 105/134 [00:04<00:01, 24.48it/s]
Train_Loss: 0.6535

Validation: 100%|██████████████████████████████████████████████████████████████████| 134/134 [00:05<00:00, 24.37it/s]
Saved current best checkpoint
------------------------------------------------------------------------------------------
Epoch: 8/10


















































































































































Training:  99%|████████████████████▋| 708/718 [04:52<00:04,  2.41it/s, loss=0.613, avg_loss=0.644, plateau_counter=7]
Early stopping within epoch at batch 710
Training:  99%|█████████████████████▊| 710/718 [04:54<00:03,  2.41it/s, loss=0.63, avg_loss=0.644, plateau_counter=9]


Validation:  87%|█████████████████████████████████████████████████████████▋        | 117/134 [00:04<00:00, 23.83it/s]
Train_Loss: 0.6436

Validation: 100%|██████████████████████████████████████████████████████████████████| 134/134 [00:05<00:00, 23.80it/s]
Training:   0%|                       | 2/718 [00:00<03:59,  2.99it/s, loss=0.534, avg_loss=0.593, plateau_counter=0]
Saved current best checkpoint
------------------------------------------------------------------------------------------


















































































































































Training:  99%|████████████████████▋| 709/718 [04:52<00:03,  2.41it/s, loss=0.518, avg_loss=0.636, plateau_counter=8]
Early stopping within epoch at batch 710
Training:  99%|████████████████████▊| 710/718 [04:53<00:03,  2.42it/s, loss=0.678, avg_loss=0.636, plateau_counter=9]


Validation:  96%|███████████████████████████████████████████████████████████████▌  | 129/134 [00:05<00:00, 23.72it/s]
Train_Loss: 0.6357
Validation_Loss: 0.6449
Validation loss did not improve. Patience counter: 1/3
------------------------------------------------------------------------------------------
Validation: 100%|██████████████████████████████████████████████████████████████████| 134/134 [00:05<00:00, 23.66it/s]

















































































































































Training:  99%|████████████████████▊| 710/718 [04:54<00:03,  2.41it/s, loss=0.604, avg_loss=0.629, plateau_counter=9]
Validation:   9%|██████                                                             | 12/134 [00:00<00:05, 23.98it/s]
Early stopping within epoch at batch 710



Validation: 100%|██████████████████████████████████████████████████████████████████| 134/134 [00:05<00:00, 23.64it/s]
Train_Loss: 0.6292
Validation_Loss: 0.6380
Saved current best checkpoint
------------------------------------------------------------------------------------------
Starting evaluation...
/home2/saketh.vemula/Experiments/train.py:271: FutureWarning: You are using `torch.load` with `weights_only=False` (the current default value), which uses the default pickle module implicitly. It is possible to construct malicious pickle data which will execute arbitrary code during unpickling (See https://github.com/pytorch/pytorch/blob/main/SECURITY.md#untrusted-models for more details). In a future release, the default value for `weights_only` will be flipped to `True`. This limits the functions that could be executed during unpickling. Arbitrary objects will no longer be allowed to be loaded via this mode unless they are explicitly allowlisted by the user via `torch.serialization.add_safe_globals`. We recommend you start setting `weights_only=True` for any use case where you don't have full control of the loaded file. Please open an issue on GitHub for any issues related to this experimental feature.
  model.load_state_dict(torch.load(model_path))
  1%|▋                                                                               | 1/115 [00:00<00:38,  2.96it/s]
Initializing soft prompt with text: SUMMARIZE
Tokenized into: ['S', 'UM', 'MAR', 'IZE']
Number of tokens: 4
Initial embeddings shape: torch.Size([4, 768])
Padding with 16 random embeddings
Final soft prompt shape: torch.Size([20, 768])
Generating summaries and calculating ROUGE scores...
Example at batch 0
Generated: This story was originally published on CBC News....
Reference: Loretta Reinholdt, 54, and Andy Wasinger, 46, were on on a hired sailboat with a captain when they were attacked.






























































































 88%|████████████████████████████████████████████████████████████████████▌         | 101/115 [04:11<00:34,  2.46s/it]
Example at batch 100
Generated:  man to cut the grass. She also saw a man standing by. She said she saw one of them cutting the grass and she saw the other one cutting it. She then saw the third man cutting it and she said the third...
Reference: Five members of Czech Roma family on trial for people trafficking.
Prosecutors say victims were lured to UK under promise of better life but were 'treated like dogs'













100%|██████████████████████████████████████████████████████████████████████████████| 115/115 [04:43<00:00,  2.28s/it]
Evaluation Results:
--------------------------------------------------
rouge1:
precision: 0.1635
recall: 0.2619
fmeasure: 0.1856
rouge2:
precision: 0.0217
recall: 0.0383
fmeasure: 0.0263
rougeL:
precision: 0.1058
recall: 0.1669

100%|██████████████████████████████████████████████████████████████████████████████| 115/115 [04:43<00:00,  2.46s/it]